2018-06-26 21:47:55.676  INFO 1684 --- [main] com.car.manage.CarmanageApplication      : Starting CarmanageApplication on P-V-9 with PID 1684 (D:\idea-work\carmanage\target\classes started by Administrator in D:\idea-work\carmanage)
2018-06-26 21:47:55.679  INFO 1684 --- [main] com.car.manage.CarmanageApplication      : The following profiles are active: dev
2018-06-26 21:47:55.719  INFO 1684 --- [main] ConfigServletWebServerApplicationContext : Refreshing org.springframework.boot.web.servlet.context.AnnotationConfigServletWebServerApplicationContext@e57b96d: startup date [Tue Jun 26 21:47:55 CST 2018]; root of context hierarchy
2018-06-26 21:47:56.539  INFO 1684 --- [main] o.s.b.w.embedded.tomcat.TomcatWebServer  : Tomcat initialized with port(s): 9090 (http)
2018-06-26 21:47:56.557  INFO 1684 --- [main] o.apache.catalina.core.StandardService   : Starting service [Tomcat]
2018-06-26 21:47:56.558  INFO 1684 --- [main] org.apache.catalina.core.StandardEngine  : Starting Servlet Engine: Apache Tomcat/8.5.31
2018-06-26 21:47:56.562  INFO 1684 --- [localhost-startStop-1] o.a.catalina.core.AprLifecycleListener   : The APR based Apache Tomcat Native library which allows optimal performance in production environments was not found on the java.library.path: [C:\Program Files\Java\jdk1.8.0_144\bin;C:\windows\Sun\Java\bin;C:\windows\system32;C:\windows;C:\ProgramData\Oracle\Java\javapath;C:\windows\system32;C:\windows;C:\windows\System32\Wbem;C:\windows\System32\WindowsPowerShell\v1.0\;E:\work-sort\git\Git\cmd;C:\Program Files (x86)\NVIDIA Corporation\PhysX\Common;E:\work-sort\svn\bin;C:\Users\Administrator\AppData\Local\Microsoft\WindowsApps;;.]
2018-06-26 21:47:56.634  INFO 1684 --- [localhost-startStop-1] o.a.c.c.C.[Tomcat].[localhost].[/]       : Initializing Spring embedded WebApplicationContext
2018-06-26 21:47:56.634  INFO 1684 --- [localhost-startStop-1] o.s.web.context.ContextLoader            : Root WebApplicationContext: initialization completed in 915 ms
2018-06-26 21:47:56.744  INFO 1684 --- [localhost-startStop-1] o.s.b.w.servlet.ServletRegistrationBean  : Servlet dispatcherServlet mapped to [/]
2018-06-26 21:47:56.748  INFO 1684 --- [localhost-startStop-1] o.s.b.w.servlet.FilterRegistrationBean   : Mapping filter: 'characterEncodingFilter' to: [/*]
2018-06-26 21:47:56.748  INFO 1684 --- [localhost-startStop-1] o.s.b.w.servlet.FilterRegistrationBean   : Mapping filter: 'hiddenHttpMethodFilter' to: [/*]
2018-06-26 21:47:56.748  INFO 1684 --- [localhost-startStop-1] o.s.b.w.servlet.FilterRegistrationBean   : Mapping filter: 'httpPutFormContentFilter' to: [/*]
2018-06-26 21:47:56.748  INFO 1684 --- [localhost-startStop-1] o.s.b.w.servlet.FilterRegistrationBean   : Mapping filter: 'requestContextFilter' to: [/*]
2018-06-26 21:47:57.045  INFO 1684 --- [main] o.s.w.s.handler.SimpleUrlHandlerMapping  : Mapped URL path [/**/favicon.ico] onto handler of type [class org.springframework.web.servlet.resource.ResourceHttpRequestHandler]
2018-06-26 21:47:57.197  INFO 1684 --- [main] s.w.s.m.m.a.RequestMappingHandlerAdapter : Looking for @ControllerAdvice: org.springframework.boot.web.servlet.context.AnnotationConfigServletWebServerApplicationContext@e57b96d: startup date [Tue Jun 26 21:47:55 CST 2018]; root of context hierarchy
2018-06-26 21:47:57.257  INFO 1684 --- [main] s.w.s.m.m.a.RequestMappingHandlerMapping : Mapped "{[/dict/getDict],methods=[GET],produces=[application/json]}" onto public java.util.Map<java.lang.String, java.lang.Object> com.car.manage.sys.controller.DictController.getDict(com.car.manage.sys.entity.Dict)
2018-06-26 21:47:57.259  INFO 1684 --- [main] s.w.s.m.m.a.RequestMappingHandlerMapping : Mapped "{[/error]}" onto public org.springframework.http.ResponseEntity<java.util.Map<java.lang.String, java.lang.Object>> org.springframework.boot.autoconfigure.web.servlet.error.BasicErrorController.error(javax.servlet.http.HttpServletRequest)
2018-06-26 21:47:57.259  INFO 1684 --- [main] s.w.s.m.m.a.RequestMappingHandlerMapping : Mapped "{[/error],produces=[text/html]}" onto public org.springframework.web.servlet.ModelAndView org.springframework.boot.autoconfigure.web.servlet.error.BasicErrorController.errorHtml(javax.servlet.http.HttpServletRequest,javax.servlet.http.HttpServletResponse)
2018-06-26 21:47:57.282  INFO 1684 --- [main] o.s.w.s.handler.SimpleUrlHandlerMapping  : Mapped URL path [/webjars/**] onto handler of type [class org.springframework.web.servlet.resource.ResourceHttpRequestHandler]
2018-06-26 21:47:57.282  INFO 1684 --- [main] o.s.w.s.handler.SimpleUrlHandlerMapping  : Mapped URL path [/**] onto handler of type [class org.springframework.web.servlet.resource.ResourceHttpRequestHandler]
2018-06-26 21:47:57.536  INFO 1684 --- [main] o.s.j.e.a.AnnotationMBeanExporter        : Registering beans for JMX exposure on startup
2018-06-26 21:47:57.537  INFO 1684 --- [main] o.s.j.e.a.AnnotationMBeanExporter        : Bean with name 'dataSource' has been autodetected for JMX exposure
2018-06-26 21:47:57.541  INFO 1684 --- [main] o.s.j.e.a.AnnotationMBeanExporter        : Located MBean 'dataSource': registering with JMX server as MBean [com.zaxxer.hikari:name=dataSource,type=HikariDataSource]
2018-06-26 21:47:57.570  INFO 1684 --- [main] o.s.b.w.embedded.tomcat.TomcatWebServer  : Tomcat started on port(s): 9090 (http) with context path ''
2018-06-26 21:47:57.573  INFO 1684 --- [main] com.car.manage.CarmanageApplication      : Started CarmanageApplication in 2.241 seconds (JVM running for 2.737)
2018-06-26 21:48:14.032  INFO 1684 --- [http-nio-9090-exec-3] o.a.c.c.C.[Tomcat].[localhost].[/]       : Initializing Spring FrameworkServlet 'dispatcherServlet'
2018-06-26 21:48:14.032  INFO 1684 --- [http-nio-9090-exec-3] o.s.web.servlet.DispatcherServlet        : FrameworkServlet 'dispatcherServlet': initialization started
2018-06-26 21:48:14.044  INFO 1684 --- [http-nio-9090-exec-3] o.s.web.servlet.DispatcherServlet        : FrameworkServlet 'dispatcherServlet': initialization completed in 12 ms
2018-06-26 21:48:14.078  INFO 1684 --- [http-nio-9090-exec-3] com.zaxxer.hikari.HikariDataSource       : HikariPool-1 - Starting...
2018-06-26 21:48:14.205  INFO 1684 --- [http-nio-9090-exec-3] com.zaxxer.hikari.HikariDataSource       : HikariPool-1 - Start completed.
2018-06-26 21:48:14.225 DEBUG 1684 --- [http-nio-9090-exec-3] c.c.manage.sys.dao.DictDao.getDictById   : ==>  Preparing: select * from dict where id = ? 
2018-06-26 21:48:14.238 DEBUG 1684 --- [http-nio-9090-exec-3] c.c.manage.sys.dao.DictDao.getDictById   : ==> Parameters: 33(Integer)
2018-06-26 21:48:14.248 DEBUG 1684 --- [http-nio-9090-exec-3] c.c.manage.sys.dao.DictDao.getDictById   : <==      Total: 1
2018-06-26 21:49:21.357 DEBUG 1684 --- [http-nio-9090-exec-5] c.c.manage.sys.dao.DictDao.getDictById   : ==>  Preparing: select * from dict where id = ? 
2018-06-26 21:49:21.358 DEBUG 1684 --- [http-nio-9090-exec-5] c.c.manage.sys.dao.DictDao.getDictById   : ==> Parameters: 34(Integer)
2018-06-26 21:49:21.359 DEBUG 1684 --- [http-nio-9090-exec-5] c.c.manage.sys.dao.DictDao.getDictById   : <==      Total: 1
2018-06-26 22:00:44.400 DEBUG 1684 --- [http-nio-9090-exec-9] c.c.manage.sys.dao.DictDao.getDictById   : ==>  Preparing: select * from dict where id = ? 
2018-06-26 22:00:44.401 DEBUG 1684 --- [http-nio-9090-exec-9] c.c.manage.sys.dao.DictDao.getDictById   : ==> Parameters: 34(Integer)
2018-06-26 22:00:44.402 DEBUG 1684 --- [http-nio-9090-exec-9] c.c.manage.sys.dao.DictDao.getDictById   : <==      Total: 1
2018-06-26 22:01:32.814  INFO 7012 --- [main] com.car.manage.CarmanageApplication      : Starting CarmanageApplication on P-V-9 with PID 7012 (D:\idea-work\carmanage\target\classes started by Administrator in D:\idea-work\carmanage)
2018-06-26 22:01:32.818  INFO 7012 --- [main] com.car.manage.CarmanageApplication      : The following profiles are active: dev
2018-06-26 22:01:32.865  INFO 7012 --- [main] ConfigServletWebServerApplicationContext : Refreshing org.springframework.boot.web.servlet.context.AnnotationConfigServletWebServerApplicationContext@4c012563: startup date [Tue Jun 26 22:01:32 CST 2018]; root of context hierarchy
2018-06-26 22:01:33.682  INFO 7012 --- [main] o.s.b.w.embedded.tomcat.TomcatWebServer  : Tomcat initialized with port(s): 9090 (http)
2018-06-26 22:01:33.700  INFO 7012 --- [main] o.apache.catalina.core.StandardService   : Starting service [Tomcat]
2018-06-26 22:01:33.701  INFO 7012 --- [main] org.apache.catalina.core.StandardEngine  : Starting Servlet Engine: Apache Tomcat/8.5.31
2018-06-26 22:01:33.704  INFO 7012 --- [localhost-startStop-1] o.a.catalina.core.AprLifecycleListener   : The APR based Apache Tomcat Native library which allows optimal performance in production environments was not found on the java.library.path: [C:\Program Files\Java\jdk1.8.0_144\bin;C:\windows\Sun\Java\bin;C:\windows\system32;C:\windows;C:\ProgramData\Oracle\Java\javapath;C:\windows\system32;C:\windows;C:\windows\System32\Wbem;C:\windows\System32\WindowsPowerShell\v1.0\;E:\work-sort\git\Git\cmd;C:\Program Files (x86)\NVIDIA Corporation\PhysX\Common;E:\work-sort\svn\bin;C:\Users\Administrator\AppData\Local\Microsoft\WindowsApps;;.]
2018-06-26 22:01:33.774  INFO 7012 --- [localhost-startStop-1] o.a.c.c.C.[Tomcat].[localhost].[/]       : Initializing Spring embedded WebApplicationContext
2018-06-26 22:01:33.775  INFO 7012 --- [localhost-startStop-1] o.s.web.context.ContextLoader            : Root WebApplicationContext: initialization completed in 910 ms
2018-06-26 22:01:33.881  INFO 7012 --- [localhost-startStop-1] o.s.b.w.servlet.ServletRegistrationBean  : Servlet dispatcherServlet mapped to [/]
2018-06-26 22:01:33.885  INFO 7012 --- [localhost-startStop-1] o.s.b.w.servlet.FilterRegistrationBean   : Mapping filter: 'characterEncodingFilter' to: [/*]
2018-06-26 22:01:33.885  INFO 7012 --- [localhost-startStop-1] o.s.b.w.servlet.FilterRegistrationBean   : Mapping filter: 'hiddenHttpMethodFilter' to: [/*]
2018-06-26 22:01:33.885  INFO 7012 --- [localhost-startStop-1] o.s.b.w.servlet.FilterRegistrationBean   : Mapping filter: 'httpPutFormContentFilter' to: [/*]
2018-06-26 22:01:33.886  INFO 7012 --- [localhost-startStop-1] o.s.b.w.servlet.FilterRegistrationBean   : Mapping filter: 'requestContextFilter' to: [/*]
2018-06-26 22:01:34.171  INFO 7012 --- [main] o.s.w.s.handler.SimpleUrlHandlerMapping  : Mapped URL path [/**/favicon.ico] onto handler of type [class org.springframework.web.servlet.resource.ResourceHttpRequestHandler]
2018-06-26 22:01:34.321  INFO 7012 --- [main] s.w.s.m.m.a.RequestMappingHandlerAdapter : Looking for @ControllerAdvice: org.springframework.boot.web.servlet.context.AnnotationConfigServletWebServerApplicationContext@4c012563: startup date [Tue Jun 26 22:01:32 CST 2018]; root of context hierarchy
2018-06-26 22:01:34.369  INFO 7012 --- [main] s.w.s.m.m.a.RequestMappingHandlerMapping : Mapped "{[/dict/save],methods=[GET],produces=[application/json]}" onto public java.util.Map<java.lang.String, java.lang.Object> com.car.manage.sys.controller.DictController.save(com.car.manage.sys.entity.Dict)
2018-06-26 22:01:34.369  INFO 7012 --- [main] s.w.s.m.m.a.RequestMappingHandlerMapping : Mapped "{[/dict/getDict],methods=[GET],produces=[application/json]}" onto public java.util.Map<java.lang.String, java.lang.Object> com.car.manage.sys.controller.DictController.getDict(com.car.manage.sys.entity.Dict)
2018-06-26 22:01:34.371  INFO 7012 --- [main] s.w.s.m.m.a.RequestMappingHandlerMapping : Mapped "{[/error]}" onto public org.springframework.http.ResponseEntity<java.util.Map<java.lang.String, java.lang.Object>> org.springframework.boot.autoconfigure.web.servlet.error.BasicErrorController.error(javax.servlet.http.HttpServletRequest)
2018-06-26 22:01:34.371  INFO 7012 --- [main] s.w.s.m.m.a.RequestMappingHandlerMapping : Mapped "{[/error],produces=[text/html]}" onto public org.springframework.web.servlet.ModelAndView org.springframework.boot.autoconfigure.web.servlet.error.BasicErrorController.errorHtml(javax.servlet.http.HttpServletRequest,javax.servlet.http.HttpServletResponse)
2018-06-26 22:01:34.407  INFO 7012 --- [main] o.s.w.s.handler.SimpleUrlHandlerMapping  : Mapped URL path [/webjars/**] onto handler of type [class org.springframework.web.servlet.resource.ResourceHttpRequestHandler]
2018-06-26 22:01:34.408  INFO 7012 --- [main] o.s.w.s.handler.SimpleUrlHandlerMapping  : Mapped URL path [/**] onto handler of type [class org.springframework.web.servlet.resource.ResourceHttpRequestHandler]
2018-06-26 22:01:34.655  INFO 7012 --- [main] o.s.j.e.a.AnnotationMBeanExporter        : Registering beans for JMX exposure on startup
2018-06-26 22:01:34.656  INFO 7012 --- [main] o.s.j.e.a.AnnotationMBeanExporter        : Bean with name 'dataSource' has been autodetected for JMX exposure
2018-06-26 22:01:34.661  INFO 7012 --- [main] o.s.j.e.a.AnnotationMBeanExporter        : Located MBean 'dataSource': registering with JMX server as MBean [com.zaxxer.hikari:name=dataSource,type=HikariDataSource]
2018-06-26 22:01:34.688  INFO 7012 --- [main] o.s.b.w.embedded.tomcat.TomcatWebServer  : Tomcat started on port(s): 9090 (http) with context path ''
2018-06-26 22:01:34.691  INFO 7012 --- [main] com.car.manage.CarmanageApplication      : Started CarmanageApplication in 2.198 seconds (JVM running for 2.721)
2018-06-26 22:01:41.015  INFO 7012 --- [http-nio-9090-exec-2] o.a.c.c.C.[Tomcat].[localhost].[/]       : Initializing Spring FrameworkServlet 'dispatcherServlet'
2018-06-26 22:01:41.015  INFO 7012 --- [http-nio-9090-exec-2] o.s.web.servlet.DispatcherServlet        : FrameworkServlet 'dispatcherServlet': initialization started
2018-06-26 22:01:41.031  INFO 7012 --- [http-nio-9090-exec-2] o.s.web.servlet.DispatcherServlet        : FrameworkServlet 'dispatcherServlet': initialization completed in 16 ms
2018-06-26 22:02:19.409  INFO 7012 --- [http-nio-9090-exec-2] com.zaxxer.hikari.HikariDataSource       : HikariPool-1 - Starting...
2018-06-26 22:02:19.693  INFO 7012 --- [http-nio-9090-exec-2] com.zaxxer.hikari.HikariDataSource       : HikariPool-1 - Start completed.
2018-06-26 22:02:19.781 DEBUG 7012 --- [http-nio-9090-exec-2] com.car.manage.sys.dao.DictDao.saveDict  : ==>  Preparing: INSERT INTO dict(code,text,type,value,is_load) VALUES(?,?,?,?,?) 
2018-06-26 22:02:19.979 DEBUG 7012 --- [http-nio-9090-exec-2] com.car.manage.sys.dao.DictDao.saveDict  : ==> Parameters: 1111(String), 4444(String), 22222(String), 33333(String), null
2018-06-26 22:02:20.014 DEBUG 7012 --- [http-nio-9090-exec-2] com.car.manage.sys.dao.DictDao.saveDict  : <==    Updates: 1
2018-06-26 22:02:53.335 DEBUG 7012 --- [http-nio-9090-exec-1] c.c.manage.sys.dao.DictDao.getDictById   : ==>  Preparing: select * from dict where id = ? 
2018-06-26 22:02:53.335 DEBUG 7012 --- [http-nio-9090-exec-1] c.c.manage.sys.dao.DictDao.getDictById   : ==> Parameters: 54(Integer)
2018-06-26 22:02:53.342 DEBUG 7012 --- [http-nio-9090-exec-1] c.c.manage.sys.dao.DictDao.getDictById   : <==      Total: 1
2018-06-26 22:13:58.432  INFO 3916 --- [main] com.car.manage.CarmanageApplication      : Starting CarmanageApplication on P-V-9 with PID 3916 (D:\idea-work\carmanage\target\classes started by Administrator in D:\idea-work\carmanage)
2018-06-26 22:13:58.434  INFO 3916 --- [main] com.car.manage.CarmanageApplication      : The following profiles are active: dev
2018-06-26 22:13:58.478  INFO 3916 --- [main] ConfigServletWebServerApplicationContext : Refreshing org.springframework.boot.web.servlet.context.AnnotationConfigServletWebServerApplicationContext@4f704591: startup date [Tue Jun 26 22:13:58 CST 2018]; root of context hierarchy
2018-06-26 22:13:59.307  INFO 3916 --- [main] o.s.b.w.embedded.tomcat.TomcatWebServer  : Tomcat initialized with port(s): 9090 (http)
2018-06-26 22:13:59.325  INFO 3916 --- [main] o.apache.catalina.core.StandardService   : Starting service [Tomcat]
2018-06-26 22:13:59.325  INFO 3916 --- [main] org.apache.catalina.core.StandardEngine  : Starting Servlet Engine: Apache Tomcat/8.5.31
2018-06-26 22:13:59.329  INFO 3916 --- [localhost-startStop-1] o.a.catalina.core.AprLifecycleListener   : The APR based Apache Tomcat Native library which allows optimal performance in production environments was not found on the java.library.path: [C:\Program Files\Java\jdk1.8.0_144\bin;C:\windows\Sun\Java\bin;C:\windows\system32;C:\windows;C:\ProgramData\Oracle\Java\javapath;C:\windows\system32;C:\windows;C:\windows\System32\Wbem;C:\windows\System32\WindowsPowerShell\v1.0\;E:\work-sort\git\Git\cmd;C:\Program Files (x86)\NVIDIA Corporation\PhysX\Common;E:\work-sort\svn\bin;C:\Users\Administrator\AppData\Local\Microsoft\WindowsApps;;.]
2018-06-26 22:13:59.400  INFO 3916 --- [localhost-startStop-1] o.a.c.c.C.[Tomcat].[localhost].[/]       : Initializing Spring embedded WebApplicationContext
2018-06-26 22:13:59.401  INFO 3916 --- [localhost-startStop-1] o.s.web.context.ContextLoader            : Root WebApplicationContext: initialization completed in 923 ms
2018-06-26 22:13:59.509  INFO 3916 --- [localhost-startStop-1] o.s.b.w.servlet.ServletRegistrationBean  : Servlet dispatcherServlet mapped to [/]
2018-06-26 22:13:59.513  INFO 3916 --- [localhost-startStop-1] o.s.b.w.servlet.FilterRegistrationBean   : Mapping filter: 'characterEncodingFilter' to: [/*]
2018-06-26 22:13:59.514  INFO 3916 --- [localhost-startStop-1] o.s.b.w.servlet.FilterRegistrationBean   : Mapping filter: 'hiddenHttpMethodFilter' to: [/*]
2018-06-26 22:13:59.514  INFO 3916 --- [localhost-startStop-1] o.s.b.w.servlet.FilterRegistrationBean   : Mapping filter: 'httpPutFormContentFilter' to: [/*]
2018-06-26 22:13:59.514  INFO 3916 --- [localhost-startStop-1] o.s.b.w.servlet.FilterRegistrationBean   : Mapping filter: 'requestContextFilter' to: [/*]
2018-06-26 22:13:59.798  INFO 3916 --- [main] o.s.w.s.handler.SimpleUrlHandlerMapping  : Mapped URL path [/**/favicon.ico] onto handler of type [class org.springframework.web.servlet.resource.ResourceHttpRequestHandler]
2018-06-26 22:13:59.946  INFO 3916 --- [main] s.w.s.m.m.a.RequestMappingHandlerAdapter : Looking for @ControllerAdvice: org.springframework.boot.web.servlet.context.AnnotationConfigServletWebServerApplicationContext@4f704591: startup date [Tue Jun 26 22:13:58 CST 2018]; root of context hierarchy
2018-06-26 22:13:59.993  INFO 3916 --- [main] s.w.s.m.m.a.RequestMappingHandlerMapping : Mapped "{[/dict/update],methods=[GET],produces=[application/json]}" onto public java.util.Map<java.lang.String, java.lang.Object> com.car.manage.sys.controller.DictController.update(com.car.manage.sys.entity.Dict)
2018-06-26 22:13:59.994  INFO 3916 --- [main] s.w.s.m.m.a.RequestMappingHandlerMapping : Mapped "{[/dict/save],methods=[GET],produces=[application/json]}" onto public java.util.Map<java.lang.String, java.lang.Object> com.car.manage.sys.controller.DictController.save(com.car.manage.sys.entity.Dict)
2018-06-26 22:13:59.995  INFO 3916 --- [main] s.w.s.m.m.a.RequestMappingHandlerMapping : Mapped "{[/dict/getDict],methods=[GET],produces=[application/json]}" onto public java.util.Map<java.lang.String, java.lang.Object> com.car.manage.sys.controller.DictController.getDict(com.car.manage.sys.entity.Dict)
2018-06-26 22:13:59.996  INFO 3916 --- [main] s.w.s.m.m.a.RequestMappingHandlerMapping : Mapped "{[/error]}" onto public org.springframework.http.ResponseEntity<java.util.Map<java.lang.String, java.lang.Object>> org.springframework.boot.autoconfigure.web.servlet.error.BasicErrorController.error(javax.servlet.http.HttpServletRequest)
2018-06-26 22:13:59.997  INFO 3916 --- [main] s.w.s.m.m.a.RequestMappingHandlerMapping : Mapped "{[/error],produces=[text/html]}" onto public org.springframework.web.servlet.ModelAndView org.springframework.boot.autoconfigure.web.servlet.error.BasicErrorController.errorHtml(javax.servlet.http.HttpServletRequest,javax.servlet.http.HttpServletResponse)
2018-06-26 22:14:00.019  INFO 3916 --- [main] o.s.w.s.handler.SimpleUrlHandlerMapping  : Mapped URL path [/webjars/**] onto handler of type [class org.springframework.web.servlet.resource.ResourceHttpRequestHandler]
2018-06-26 22:14:00.019  INFO 3916 --- [main] o.s.w.s.handler.SimpleUrlHandlerMapping  : Mapped URL path [/**] onto handler of type [class org.springframework.web.servlet.resource.ResourceHttpRequestHandler]
2018-06-26 22:14:00.286  INFO 3916 --- [main] o.s.j.e.a.AnnotationMBeanExporter        : Registering beans for JMX exposure on startup
2018-06-26 22:14:00.288  INFO 3916 --- [main] o.s.j.e.a.AnnotationMBeanExporter        : Bean with name 'dataSource' has been autodetected for JMX exposure
2018-06-26 22:14:00.293  INFO 3916 --- [main] o.s.j.e.a.AnnotationMBeanExporter        : Located MBean 'dataSource': registering with JMX server as MBean [com.zaxxer.hikari:name=dataSource,type=HikariDataSource]
2018-06-26 22:14:00.318  INFO 3916 --- [main] o.s.b.w.embedded.tomcat.TomcatWebServer  : Tomcat started on port(s): 9090 (http) with context path ''
2018-06-26 22:14:00.322  INFO 3916 --- [main] com.car.manage.CarmanageApplication      : Started CarmanageApplication in 2.266 seconds (JVM running for 2.814)
2018-06-26 22:14:06.040  INFO 3916 --- [http-nio-9090-exec-1] o.a.c.c.C.[Tomcat].[localhost].[/]       : Initializing Spring FrameworkServlet 'dispatcherServlet'
2018-06-26 22:14:06.040  INFO 3916 --- [http-nio-9090-exec-1] o.s.web.servlet.DispatcherServlet        : FrameworkServlet 'dispatcherServlet': initialization started
2018-06-26 22:14:06.054  INFO 3916 --- [http-nio-9090-exec-1] o.s.web.servlet.DispatcherServlet        : FrameworkServlet 'dispatcherServlet': initialization completed in 14 ms
2018-06-26 22:14:06.089  INFO 3916 --- [http-nio-9090-exec-1] com.zaxxer.hikari.HikariDataSource       : HikariPool-1 - Starting...
2018-06-26 22:14:06.213  INFO 3916 --- [http-nio-9090-exec-1] com.zaxxer.hikari.HikariDataSource       : HikariPool-1 - Start completed.
2018-06-26 22:14:06.233 DEBUG 3916 --- [http-nio-9090-exec-1] c.c.manage.sys.dao.DictDao.getDictById   : ==>  Preparing: select * from dict where id = ? 
2018-06-26 22:14:06.244 DEBUG 3916 --- [http-nio-9090-exec-1] c.c.manage.sys.dao.DictDao.getDictById   : ==> Parameters: 54(Integer)
2018-06-26 22:14:06.253 DEBUG 3916 --- [http-nio-9090-exec-1] c.c.manage.sys.dao.DictDao.getDictById   : <==      Total: 1
2018-06-26 22:14:12.505 DEBUG 3916 --- [http-nio-9090-exec-2] c.c.m.sys.dao.DictDao.updateDictById     : ==>  Preparing: update dict set code = ?,text=?,type=?,value=?,is_load=? where id=? 
2018-06-26 22:14:12.505 DEBUG 3916 --- [http-nio-9090-exec-2] c.c.m.sys.dao.DictDao.updateDictById     : ==> Parameters: 1(String), 4(String), 2(String), 3(String), null, 54(Integer)
2018-06-26 22:14:12.551 DEBUG 3916 --- [http-nio-9090-exec-2] c.c.m.sys.dao.DictDao.updateDictById     : <==    Updates: 1
2018-06-26 22:14:19.432 DEBUG 3916 --- [http-nio-9090-exec-3] c.c.manage.sys.dao.DictDao.getDictById   : ==>  Preparing: select * from dict where id = ? 
2018-06-26 22:14:19.432 DEBUG 3916 --- [http-nio-9090-exec-3] c.c.manage.sys.dao.DictDao.getDictById   : ==> Parameters: 54(Integer)
2018-06-26 22:14:19.433 DEBUG 3916 --- [http-nio-9090-exec-3] c.c.manage.sys.dao.DictDao.getDictById   : <==      Total: 1
2018-06-26 22:21:37.736  INFO 5088 --- [main] com.car.manage.CarmanageApplication      : Starting CarmanageApplication on P-V-9 with PID 5088 (D:\idea-work\carmanage\target\classes started by Administrator in D:\idea-work\carmanage)
2018-06-26 22:21:37.738  INFO 5088 --- [main] com.car.manage.CarmanageApplication      : The following profiles are active: dev
2018-06-26 22:21:37.778  INFO 5088 --- [main] ConfigServletWebServerApplicationContext : Refreshing org.springframework.boot.web.servlet.context.AnnotationConfigServletWebServerApplicationContext@22f31dec: startup date [Tue Jun 26 22:21:37 CST 2018]; root of context hierarchy
2018-06-26 22:21:38.596  INFO 5088 --- [main] o.s.b.w.embedded.tomcat.TomcatWebServer  : Tomcat initialized with port(s): 9090 (http)
2018-06-26 22:21:38.612  INFO 5088 --- [main] o.apache.catalina.core.StandardService   : Starting service [Tomcat]
2018-06-26 22:21:38.612  INFO 5088 --- [main] org.apache.catalina.core.StandardEngine  : Starting Servlet Engine: Apache Tomcat/8.5.31
2018-06-26 22:21:38.616  INFO 5088 --- [localhost-startStop-1] o.a.catalina.core.AprLifecycleListener   : The APR based Apache Tomcat Native library which allows optimal performance in production environments was not found on the java.library.path: [C:\Program Files\Java\jdk1.8.0_144\bin;C:\windows\Sun\Java\bin;C:\windows\system32;C:\windows;C:\ProgramData\Oracle\Java\javapath;C:\windows\system32;C:\windows;C:\windows\System32\Wbem;C:\windows\System32\WindowsPowerShell\v1.0\;E:\work-sort\git\Git\cmd;C:\Program Files (x86)\NVIDIA Corporation\PhysX\Common;E:\work-sort\svn\bin;C:\Users\Administrator\AppData\Local\Microsoft\WindowsApps;;.]
2018-06-26 22:21:38.686  INFO 5088 --- [localhost-startStop-1] o.a.c.c.C.[Tomcat].[localhost].[/]       : Initializing Spring embedded WebApplicationContext
2018-06-26 22:21:38.686  INFO 5088 --- [localhost-startStop-1] o.s.web.context.ContextLoader            : Root WebApplicationContext: initialization completed in 908 ms
2018-06-26 22:21:38.795  INFO 5088 --- [localhost-startStop-1] o.s.b.w.servlet.ServletRegistrationBean  : Servlet dispatcherServlet mapped to [/]
2018-06-26 22:21:38.798  INFO 5088 --- [localhost-startStop-1] o.s.b.w.servlet.FilterRegistrationBean   : Mapping filter: 'characterEncodingFilter' to: [/*]
2018-06-26 22:21:38.798  INFO 5088 --- [localhost-startStop-1] o.s.b.w.servlet.FilterRegistrationBean   : Mapping filter: 'hiddenHttpMethodFilter' to: [/*]
2018-06-26 22:21:38.798  INFO 5088 --- [localhost-startStop-1] o.s.b.w.servlet.FilterRegistrationBean   : Mapping filter: 'httpPutFormContentFilter' to: [/*]
2018-06-26 22:21:38.798  INFO 5088 --- [localhost-startStop-1] o.s.b.w.servlet.FilterRegistrationBean   : Mapping filter: 'requestContextFilter' to: [/*]
2018-06-26 22:21:39.080  INFO 5088 --- [main] o.s.w.s.handler.SimpleUrlHandlerMapping  : Mapped URL path [/**/favicon.ico] onto handler of type [class org.springframework.web.servlet.resource.ResourceHttpRequestHandler]
2018-06-26 22:21:39.229  INFO 5088 --- [main] s.w.s.m.m.a.RequestMappingHandlerAdapter : Looking for @ControllerAdvice: org.springframework.boot.web.servlet.context.AnnotationConfigServletWebServerApplicationContext@22f31dec: startup date [Tue Jun 26 22:21:37 CST 2018]; root of context hierarchy
2018-06-26 22:21:39.287  INFO 5088 --- [main] s.w.s.m.m.a.RequestMappingHandlerMapping : Mapped "{[/dict/update],methods=[GET],produces=[application/json]}" onto public java.util.Map<java.lang.String, java.lang.Object> com.car.manage.sys.controller.DictController.update(com.car.manage.sys.entity.Dict)
2018-06-26 22:21:39.288  INFO 5088 --- [main] s.w.s.m.m.a.RequestMappingHandlerMapping : Mapped "{[/dict/delete],methods=[GET],produces=[application/json]}" onto public java.util.Map<java.lang.String, java.lang.Object> com.car.manage.sys.controller.DictController.delete(com.car.manage.sys.entity.Dict)
2018-06-26 22:21:39.288  INFO 5088 --- [main] s.w.s.m.m.a.RequestMappingHandlerMapping : Mapped "{[/dict/save],methods=[GET],produces=[application/json]}" onto public java.util.Map<java.lang.String, java.lang.Object> com.car.manage.sys.controller.DictController.save(com.car.manage.sys.entity.Dict)
2018-06-26 22:21:39.289  INFO 5088 --- [main] s.w.s.m.m.a.RequestMappingHandlerMapping : Mapped "{[/dict/getDict],methods=[GET],produces=[application/json]}" onto public java.util.Map<java.lang.String, java.lang.Object> com.car.manage.sys.controller.DictController.getDict(com.car.manage.sys.entity.Dict)
2018-06-26 22:21:39.292  INFO 5088 --- [main] s.w.s.m.m.a.RequestMappingHandlerMapping : Mapped "{[/error]}" onto public org.springframework.http.ResponseEntity<java.util.Map<java.lang.String, java.lang.Object>> org.springframework.boot.autoconfigure.web.servlet.error.BasicErrorController.error(javax.servlet.http.HttpServletRequest)
2018-06-26 22:21:39.292  INFO 5088 --- [main] s.w.s.m.m.a.RequestMappingHandlerMapping : Mapped "{[/error],produces=[text/html]}" onto public org.springframework.web.servlet.ModelAndView org.springframework.boot.autoconfigure.web.servlet.error.BasicErrorController.errorHtml(javax.servlet.http.HttpServletRequest,javax.servlet.http.HttpServletResponse)
2018-06-26 22:21:39.313  INFO 5088 --- [main] o.s.w.s.handler.SimpleUrlHandlerMapping  : Mapped URL path [/webjars/**] onto handler of type [class org.springframework.web.servlet.resource.ResourceHttpRequestHandler]
2018-06-26 22:21:39.313  INFO 5088 --- [main] o.s.w.s.handler.SimpleUrlHandlerMapping  : Mapped URL path [/**] onto handler of type [class org.springframework.web.servlet.resource.ResourceHttpRequestHandler]
2018-06-26 22:21:39.564  INFO 5088 --- [main] o.s.j.e.a.AnnotationMBeanExporter        : Registering beans for JMX exposure on startup
2018-06-26 22:21:39.565  INFO 5088 --- [main] o.s.j.e.a.AnnotationMBeanExporter        : Bean with name 'dataSource' has been autodetected for JMX exposure
2018-06-26 22:21:39.570  INFO 5088 --- [main] o.s.j.e.a.AnnotationMBeanExporter        : Located MBean 'dataSource': registering with JMX server as MBean [com.zaxxer.hikari:name=dataSource,type=HikariDataSource]
2018-06-26 22:21:39.602  INFO 5088 --- [main] o.s.b.w.embedded.tomcat.TomcatWebServer  : Tomcat started on port(s): 9090 (http) with context path ''
2018-06-26 22:21:39.605  INFO 5088 --- [main] com.car.manage.CarmanageApplication      : Started CarmanageApplication in 2.213 seconds (JVM running for 2.748)
2018-06-26 22:22:29.918  INFO 5088 --- [http-nio-9090-exec-3] o.a.c.c.C.[Tomcat].[localhost].[/]       : Initializing Spring FrameworkServlet 'dispatcherServlet'
2018-06-26 22:22:29.918  INFO 5088 --- [http-nio-9090-exec-3] o.s.web.servlet.DispatcherServlet        : FrameworkServlet 'dispatcherServlet': initialization started
2018-06-26 22:22:29.935  INFO 5088 --- [http-nio-9090-exec-3] o.s.web.servlet.DispatcherServlet        : FrameworkServlet 'dispatcherServlet': initialization completed in 16 ms
2018-06-26 22:22:29.971  INFO 5088 --- [http-nio-9090-exec-3] com.zaxxer.hikari.HikariDataSource       : HikariPool-1 - Starting...
2018-06-26 22:22:30.105  INFO 5088 --- [http-nio-9090-exec-3] com.zaxxer.hikari.HikariDataSource       : HikariPool-1 - Start completed.
2018-06-26 22:22:30.126 DEBUG 5088 --- [http-nio-9090-exec-3] c.car.manage.sys.dao.DictDao.deleteById  : ==>  Preparing: delete from dict where id = ? 
2018-06-26 22:22:30.138 DEBUG 5088 --- [http-nio-9090-exec-3] c.car.manage.sys.dao.DictDao.deleteById  : ==> Parameters: 54(Integer)
2018-06-26 22:22:30.154 DEBUG 5088 --- [http-nio-9090-exec-3] c.car.manage.sys.dao.DictDao.deleteById  : <==    Updates: 1
2018-06-26 22:23:34.160 DEBUG 5088 --- [http-nio-9090-exec-7] c.c.manage.sys.dao.DictDao.getDictById   : ==>  Preparing: select * from dict where id = ? 
2018-06-26 22:23:34.161 DEBUG 5088 --- [http-nio-9090-exec-7] c.c.manage.sys.dao.DictDao.getDictById   : ==> Parameters: 54(Integer)
2018-06-26 22:23:34.170 DEBUG 5088 --- [http-nio-9090-exec-7] c.c.manage.sys.dao.DictDao.getDictById   : <==      Total: 0
